<?xml version="1.0" encoding="UTF-8"?>
<!-- Generated by org.testng.reporters.JUnitXMLReporter -->
<testsuite ignored="0" hostname="Fatemas-MBP.home" failures="1" tests="3" name="PositiveLogInTests" time="13.934" errors="0" timestamp="15 Dec 2022 01:02:24 GMT">
  <testcase classname="com.herokuapp.theinternet.loginpagetests.PositiveLogInTests" name="checkBoxTest" time="9.613"/>
  <testcase classname="com.herokuapp.theinternet.loginpagetests.PositiveLogInTests" name="logInTest" time="0.887"/>
  <testcase classname="com.herokuapp.theinternet.loginpagetests.NegativeLoginTests" name="negativeLogInTest" time="0.0">
    <failure type="org.testng.TestNGException" message="
Parameter &amp;apos;username&amp;apos; is required by @Test on method negativeLogInTest but has not been marked @Optional or defined
in /Users/fatemaakter/IdeaProjects/herokuapp-automation/src/test/resources/PositiveTests.xml">
      <![CDATA[org.testng.TestNGException: 
Parameter 'username' is required by @Test on method negativeLogInTest but has not been marked @Optional or defined
in /Users/fatemaakter/IdeaProjects/herokuapp-automation/src/test/resources/PositiveTests.xml
... Removed 28 stack frames]]>
    </failure>
  </testcase> <!-- negativeLogInTest -->
</testsuite> <!-- PositiveLogInTests -->
