-------------------------------------------------------------------------------
Test set: TestSuite
-------------------------------------------------------------------------------
Tests run: 3, Failures: 1, Errors: 0, Skipped: 0, Time elapsed: 14.201 s <<< FAILURE! - in TestSuite
negativeLogInTest(com.herokuapp.theinternet.loginpagetests.NegativeLoginTests)  Time elapsed: 0.982 s  <<< FAILURE!
org.testng.TestNGException: 

Parameter 'username' is required by @Test on method negativeLogInTest but has not been marked @Optional or defined
in /Users/fatemaakter/IdeaProjects/herokuapp-automation/src/test/resources/PositiveTests.xml

